<?xml version="1.0" encoding="UTF-8"?>
<testng-results skipped="0" failed="0" total="1" passed="1">
  <reporter-output>
  </reporter-output>
  <suite name="Default suite" duration-ms="132248" started-at="2021-05-05T14:33:40Z" finished-at="2021-05-05T14:35:52Z">
    <groups>
    </groups>
    <test name="Default test" duration-ms="132248" started-at="2021-05-05T14:33:40Z" finished-at="2021-05-05T14:35:52Z">
      <class name="runTestCasesWdHybridFW.OrangeHrmHybridFw">
        <test-method status="PASS" signature="launchApp()[pri:0, instance:runTestCasesWdHybridFW.OrangeHrmHybridFw@2a2d45ba]" name="launchApp" is-config="true" duration-ms="17835" started-at="2021-05-05T20:03:40Z" finished-at="2021-05-05T20:03:58Z">
          <reporter-output>
          </reporter-output>
        </test-method> <!-- launchApp -->
        <test-method status="PASS" signature="orangehrmTestHybrid()[pri:0, instance:runTestCasesWdHybridFW.OrangeHrmHybridFw@2a2d45ba]" name="orangehrmTestHybrid" duration-ms="112416" started-at="2021-05-05T20:03:58Z" finished-at="2021-05-05T20:05:51Z">
          <reporter-output>
          </reporter-output>
        </test-method> <!-- orangehrmTestHybrid -->
        <test-method status="PASS" signature="closeApp()[pri:0, instance:runTestCasesWdHybridFW.OrangeHrmHybridFw@2a2d45ba]" name="closeApp" is-config="true" duration-ms="1953" started-at="2021-05-05T20:05:51Z" finished-at="2021-05-05T20:05:52Z">
          <reporter-output>
          </reporter-output>
        </test-method> <!-- closeApp -->
      </class> <!-- runTestCasesWdHybridFW.OrangeHrmHybridFw -->
    </test> <!-- Default test -->
  </suite> <!-- Default suite -->
</testng-results>
