<?xml version="1.0" encoding="UTF-8"?>
<testng-results skipped="0" failed="0" total="1" passed="1">
  <reporter-output>
  </reporter-output>
  <suite name="Default suite" duration-ms="32518" started-at="2021-05-11T08:02:49Z" finished-at="2021-05-11T08:03:21Z">
    <groups>
    </groups>
    <test name="Default test" duration-ms="32518" started-at="2021-05-11T08:02:49Z" finished-at="2021-05-11T08:03:21Z">
      <class name="calci_tests.SubTest">
        <test-method status="PASS" signature="launchApp()[pri:0, instance:calci_tests.SubTest@6d8a00e3]" name="launchApp" is-config="true" duration-ms="21869" started-at="2021-05-11T13:32:49Z" finished-at="2021-05-11T13:33:11Z">
          <reporter-output>
          </reporter-output>
        </test-method> <!-- launchApp -->
        <test-method status="PASS" signature="checkSub()[pri:0, instance:calci_tests.SubTest@6d8a00e3]" name="checkSub" duration-ms="6755" started-at="2021-05-11T13:33:11Z" finished-at="2021-05-11T13:33:17Z">
          <reporter-output>
          </reporter-output>
        </test-method> <!-- checkSub -->
        <test-method status="PASS" signature="closeApp()[pri:0, instance:calci_tests.SubTest@6d8a00e3]" name="closeApp" is-config="true" duration-ms="3811" started-at="2021-05-11T13:33:17Z" finished-at="2021-05-11T13:33:21Z">
          <reporter-output>
          </reporter-output>
        </test-method> <!-- closeApp -->
      </class> <!-- calci_tests.SubTest -->
    </test> <!-- Default test -->
  </suite> <!-- Default suite -->
</testng-results>
