<?xml version="1.0" encoding="UTF-8"?>
<testng-results skipped="0" failed="0" total="1" passed="1">
  <reporter-output>
  </reporter-output>
  <suite name="Default suite" duration-ms="84680" started-at="2021-05-16T14:40:25Z" finished-at="2021-05-16T14:41:50Z">
    <groups>
    </groups>
    <test name="Default test" duration-ms="84680" started-at="2021-05-16T14:40:25Z" finished-at="2021-05-16T14:41:50Z">
      <class name="testRunners.PrimusBankTest">
        <test-method status="PASS" signature="launchApp()[pri:0, instance:testRunners.PrimusBankTest@51565ec2]" name="launchApp" is-config="true" duration-ms="9093" started-at="2021-05-16T20:10:26Z" finished-at="2021-05-16T20:10:35Z">
          <reporter-output>
          </reporter-output>
        </test-method> <!-- launchApp -->
        <test-method status="PASS" signature="primusbanklogin()[pri:0, instance:testRunners.PrimusBankTest@51565ec2]" name="primusbanklogin" duration-ms="75039" started-at="2021-05-16T20:10:35Z" finished-at="2021-05-16T20:11:50Z">
          <reporter-output>
          </reporter-output>
        </test-method> <!-- primusbanklogin -->
        <test-method status="PASS" signature="closeApp()[pri:0, instance:testRunners.PrimusBankTest@51565ec2]" name="closeApp" is-config="true" duration-ms="461" started-at="2021-05-16T20:11:50Z" finished-at="2021-05-16T20:11:50Z">
          <reporter-output>
          </reporter-output>
        </test-method> <!-- closeApp -->
      </class> <!-- testRunners.PrimusBankTest -->
    </test> <!-- Default test -->
  </suite> <!-- Default suite -->
</testng-results>
